<?xml version="1.0" encoding="UTF-8"?>
<!-- Generated by org.testng.reporters.JUnitReportReporter -->
<testsuite skipped="0" hostname="TGS-DPC-2413" name="com.testcases.SprintTwo" tests="1" failures="0" timestamp="27 Apr 2018 06:53:46 GMT" time="14.106" errors="0">
  <testcase name="cyclosRegister" time="14.106" classname="com.testcases.SprintTwo"/>
</testsuite> <!-- com.testcases.SprintTwo -->
