<?xml version="1.0" encoding="UTF-8"?>
<!-- Generated by org.testng.reporters.JUnitReportReporter -->
<testsuite skipped="0" hostname="TGS-DPC-2413" name="com.ci.ARTEMIS" tests="1" failures="0" timestamp="26 Apr 2018 11:28:54 GMT" time="15.548" errors="0">
  <testcase name="cyclosRegister" time="15.548" classname="com.ci.ARTEMIS"/>
</testsuite> <!-- com.ci.ARTEMIS -->
