<?xml version="1.0" encoding="UTF-8"?>
<!-- Generated by org.testng.reporters.JUnitReportReporter -->
<testsuite skipped="0" hostname="TGS-DPC-2413" name="com.testcases.SprintOne" tests="1" failures="0" timestamp="27 Apr 2018 09:07:21 GMT" time="16.508" errors="0">
  <testcase name="cyclosRegister" time="16.508" classname="com.testcases.SprintOne"/>
</testsuite> <!-- com.testcases.SprintOne -->
